<?xml version="1.0" encoding="UTF-8"?>
<testsuite name="com.aor.refactoring.example1.OrderTest" tests="2" skipped="0" failures="0" errors="0" timestamp="2019-04-02T10:29:57" hostname="claudia" time="0.005">
  <properties/>
  <testcase name="printOrder" classname="com.aor.refactoring.example1.OrderTest" time="0.004"/>
  <testcase name="isElegibleForFreeDelivery" classname="com.aor.refactoring.example1.OrderTest" time="0.0"/>
  <system-out><![CDATA[]]></system-out>
  <system-err><![CDATA[]]></system-err>
</testsuite>
